make all --print-data-base --no-builtin-variables --no-builtin-rules --question
# GNU Make 4.3
# Built for x86_64-pc-linux-gnu
# Copyright (C) 1988-2020 Free Software Foundation, Inc.
# License GPLv3+: GNU GPL version 3 or later <http://gnu.org/licenses/gpl.html>
# This is free software: you are free to change and redistribute it.
# There is NO WARRANTY, to the extent permitted by law.

# Make data base, printed on Fri Feb 23 22:02:51 2024

# Variables

# environment
GDK_BACKEND = x11
# environment
LC_ALL = C
# environment
GNOME_SHELL_SESSION_MODE = ubuntu
# environment
SSH_AGENT_LAUNCHER = gnome-keyring
# environment
GJS_DEBUG_OUTPUT = stderr
# environment
VSCODE_CRASH_REPORTER_PROCESS_TYPE = extensionHost
# environment
VSCODE_CWD = /home/dannamer
# default
MAKE_COMMAND := make
# environment
QT_ACCESSIBILITY = 1
# automatic
@D = $(patsubst %/,%,$(dir $@))
# makefile (from 'Makefile', line 7)
OBJ_DIR = OBJ
# environment
VSCODE_HANDLES_UNCAUGHT_ERRORS = true
# default
.VARIABLES := 
# environment
PWD = /home/dannamer/cont
# automatic
%D = $(patsubst %/,%,$(dir $%))
# environment
XDG_DATA_DIRS = /usr/share/ubuntu:/usr/local/share/:/usr/share/:/var/lib/snapd/desktop
# automatic
^D = $(patsubst %/,%,$(dir $^))
# automatic
%F = $(notdir $%)
# environment
VSCODE_CODE_CACHE_PATH = /home/dannamer/.config/Code/CachedData/903b1e9d8990623e3d7da1df3d33db3e42d80eda
# environment
LANG = C
# environment
XAUTHORITY = /run/user/1000/.mutter-Xwaylandauth.3KLGJ2
# default
.LOADED := 
# default
.INCLUDE_DIRS = /usr/local/include /usr/include /usr/include
# makefile
MAKEFLAGS = pqrR
# makefile
CURDIR := /home/dannamer/cont
# environment
APPLICATION_INSIGHTS_NO_DIAGNOSTIC_CHANNEL = 1
# environment
LESSOPEN = | /usr/bin/lesspipe %s
# makefile (from 'Makefile', line 5)
SRCS := tests/main.cpp tests/testList.cpp tests/testQueue.cpp tests/testStack.cpp tests/testVector.cpp
# environment
VSCODE_L10N_BUNDLE_LOCATION = file:///home/dannamer/.vscode/extensions/ms-ceintl.vscode-language-pack-ru-1.85.2024021409/translations/extensions/vscode.json-language-features.i18n.json
# automatic
*D = $(patsubst %/,%,$(dir $*))
# environment
MFLAGS = -pqrR
# environment
SSH_AUTH_SOCK = /run/user/1000/keyring/ssh
# default
.SHELLFLAGS := -c
# environment
WAYLAND_DISPLAY = wayland-0
# environment
XDG_CONFIG_DIRS = /etc/xdg/xdg-ubuntu:/etc/xdg
# automatic
+D = $(patsubst %/,%,$(dir $+))
# environment
XDG_SESSION_DESKTOP = ubuntu
# makefile (from 'Makefile', line 1)
MAKEFILE_LIST := Makefile
# automatic
@F = $(notdir $@)
# environment
VSCODE_PID = 90608
# environment
XDG_SESSION_TYPE = wayland
# automatic
?D = $(patsubst %/,%,$(dir $?))
# environment
SESSION_MANAGER = local/dannamer-RedmiBook-15:@/tmp/.ICE-unix/1853,unix/dannamer-RedmiBook-15:/tmp/.ICE-unix/1853
# automatic
*F = $(notdir $*)
# environment
CHROME_DESKTOP = code-url-handler.desktop
# environment
DBUS_SESSION_BUS_ADDRESS = unix:path=/run/user/1000/bus
# automatic
<D = $(patsubst %/,%,$(dir $<))
# environment
VSCODE_NLS_CONFIG = {"locale":"ru","osLocale":"ru-ru","availableLanguages":{"*":"ru"},"_languagePackId":"32c91cf6d316047e588f37c31f8c9cde.ru","_translationsConfigFile":"/home/dannamer/.config/Code/clp/32c91cf6d316047e588f37c31f8c9cde.ru/tcf.json","_cacheRoot":"/home/dannamer/.config/Code/clp/32c91cf6d316047e588f37c31f8c9cde.ru","_resolvedLanguagePackCoreLocation":"/home/dannamer/.config/Code/clp/32c91cf6d316047e588f37c31f8c9cde.ru/903b1e9d8990623e3d7da1df3d33db3e42d80eda","_corruptedFile":"/home/dannamer/.config/Code/clp/32c91cf6d316047e588f37c31f8c9cde.ru/corrupted.info","_languagePackSupport":true}
# default
MAKE_HOST := x86_64-pc-linux-gnu
# makefile (from 'Makefile', line 6)
OBJS := OBJ/main.o OBJ/testList.o OBJ/testQueue.o OBJ/testStack.o OBJ/testVector.o
# environment
GNOME_DESKTOP_SESSION_ID = this-is-deprecated
# makefile
SHELL = /bin/sh
# default
MAKECMDGOALS := all
# environment
XMODIFIERS = @im=ibus
# environment
DOTNET_BUNDLE_EXTRACT_BASE_DIR = /home/dannamer/.cache/dotnet_bundle_extract
# environment
GJS_DEBUG_TOPICS = JS ERROR;JS LOG
# environment
SHLVL = 0
# environment
MAKELEVEL := 0
# environment
IM_CONFIG_CHECK_ENV = 1
# default
MAKE = $(MAKE_COMMAND)
# environment
PATH = /home/dannamer/.local/bin:/home/dannamer/.local/bin:/usr/local/sbin:/usr/local/bin:/usr/sbin:/usr/bin:/sbin:/bin:/usr/games:/usr/local/games:/snap/bin:/snap/bin:/home/dannamer/.dotnet/tools
# default
MAKEFILES := 
# automatic
^F = $(notdir $^)
# environment
INVOCATION_ID = 149ad9c4c93c4c07bfa2992aa02140e9
# environment
USERNAME = dannamer
# environment
GNOME_SETUP_DISPLAY = :1
# environment
LESSCLOSE = /usr/bin/lesspipe %s %s
# automatic
?F = $(notdir $?)
# environment
XDG_CURRENT_DESKTOP = Unity
# automatic
+F = $(notdir $+)
# environment
DESKTOP_SESSION = ubuntu
# environment
ORIGINAL_XDG_CURRENT_DESKTOP = ubuntu:GNOME
# 'override' directive
GNUMAKEFLAGS := 
# environment
LOGNAME = dannamer
# environment
GIO_LAUNCHED_DESKTOP_FILE = /usr/share/applications/code.desktop
# makefile
.DEFAULT_GOAL := all
# environment
SYSTEMD_EXEC_PID = 1878
# environment
DISPLAY = :0
# environment
USER = dannamer
# environment
GTK_MODULES = gail:atk-bridge
# default
MAKE_VERSION := 4.3
# environment
MANAGERPID = 1617
# environment
GIO_LAUNCHED_DESKTOP_FILE_PID = 90608
# environment
_ = /usr/share/code/code
# environment
XDG_RUNTIME_DIR = /run/user/1000
# makefile (from 'Makefile', line 2)
CFLAGS = -std=c++17 -Wall -Werror -Wextra -Ilib/stack/ -Ilib/queue/ -Ilib/ContainerBase/
# environment
JOURNAL_STREAM = 8:33821
# environment
XDG_SESSION_CLASS = user
# environment
VSCODE_AMD_ENTRYPOINT = vs/workbench/api/node/extensionHostProcess
# environment
HOME = /home/dannamer
# environment
QT_IM_MODULE = ibus
# environment
ELECTRON_RUN_AS_NODE = 1
# environment
VSCODE_IPC_HOOK = /run/user/1000/vscode-bcc44f13-1.86-main.sock
# environment
IM_CONFIG_PHASE = 1
# default
.RECIPEPREFIX := 
# automatic
<F = $(notdir $<)
# default
SUFFIXES := 
# default
.FEATURES := target-specific order-only second-expansion else-if shortest-stem undefine oneshell nocomment grouped-target extra-prereqs archives jobserver output-sync check-symlink load
# makefile (from 'Makefile', line 1)
CC = gcc
# environment
XDG_MENU_PREFIX = gnome-
# environment
GDMSESSION = ubuntu
# variable set hash-table stats:
# Load=101/1024=10%, Rehash=0, Collisions=7/140=5%

# Pattern-specific Variable Values

# No pattern-specific variable values.

# Directories

# . (device 66311, inode 7477527): 23 files, no impossibilities.
# tests (device 66311, inode 7477665): 7 files, no impossibilities.

# 30 files, no impossibilities in 2 directories.

# Implicit Rules

OBJ/%.o: tests/%.cpp
#  recipe to execute (from 'Makefile', line 14):
	mkdir -p $(OBJ_DIR)
	$(CC) $(CFLAGS) -c $< -o $@

# 1 implicit rules, 0 (0.0%) terminal.
# Files

# Not a target:
Makefile:
#  Implicit rule search has been done.
#  Last modified 2024-01-11 16:24:43.186685729
#  File has been updated.
#  Successfully updated.

# Not a target:
OBJ/testQueue.o:
#  Implicit rule search has not been done.
#  Modification time never checked.
#  File has not been updated.

clean:
#  Implicit rule search has not been done.
#  Modification time never checked.
#  File has not been updated.
#  recipe to execute (from 'Makefile', line 27):
	rm -rf $(OBJ_DIR) *.a test *.gcda *gcno *css *html

valgrind: clean
#  Implicit rule search has not been done.
#  Modification time never checked.
#  File has not been updated.
#  recipe to execute (from 'Makefile', line 30):
	gcc  --coverage -I. ./tests/main.cpp lib/*.cpp -o test -lgtest -lstdc++ -lm
	valgrind --leak-check=full ./test

clang:
#  Implicit rule search has not been done.
#  Modification time never checked.
#  File has not been updated.
#  recipe to execute (from 'Makefile', line 18):
	clang-format -i *.cpp *.h
	clang-format -n *.cpp *.h

push:
#  Implicit rule search has not been done.
#  Modification time never checked.
#  File has not been updated.
#  recipe to execute (from 'Makefile', line 34):
	$(eval MSG := $(shell bash -c 'read -p "Enter commit message: " msg; echo $$msg'))
	git add .
	git commit -m "$(MSG)"
	git push

# Not a target:
OBJ/testVector.o:
#  Implicit rule search has not been done.
#  Modification time never checked.
#  File has not been updated.

OBJ/main.o: tests/main.cpp
#  Implicit rule search has been done.
#  Implicit/static pattern stem: 'main'
#  File does not exist.
#  File has been updated.
#  Needs to be updated (-q is set).
# automatic
# @ := OBJ/main.o
# automatic
# * := main
# automatic
# < := tests/main.cpp
# automatic
# + := tests/main.cpp
# automatic
# % := 
# automatic
# ^ := tests/main.cpp
# automatic
# ? := tests/main.cpp
# automatic
# | := 
# variable set hash-table stats:
 
# Load=8/32=25%, Rehash=0, Collisions=2/16=12%
#  recipe to execute (from 'Makefile', line 14):
	mkdir -p $(OBJ_DIR)
	$(CC) $(CFLAGS) -c $< -o $@

# Not a target:
.DEFAULT:
#  Implicit rule search has not been done.
#  Modification time never checked.
#  File has not been updated.

all: s21_matrix_oop.a
#  Command line target.
#  Implicit rule search has been done.
#  File does not exist.
#  File has been updated.
#  Needs to be updated (-q is set).
# variable set hash-table stats:
# Load=0/32=0%, Rehash=0, Collisions=0/6=0%

test: clean
#  Implicit rule search has not been done.
#  Modification time never checked.
#  File has not been updated.
#  recipe to execute (from 'Makefile', line 22):
	gcc  --coverage -Ilib/stack/ -Ilib/queue/ -Ilib/ContainerBase/ tests/*.cpp -o test -lgtest -lstdc++ -lm
	./test
	~/.local/bin/gcovr -r . --html --html-details -o test.html
	xdg-open test.html

# Not a target:
tests/main.cpp:
#  Implicit rule search has been done.
#  Last modified 2024-01-04 13:10:08.194054
#  File has been updated.
#  Successfully updated.

# Not a target:
OBJ/testStack.o:
#  Implicit rule search has not been done.
#  Modification time never checked.
#  File has not been updated.

s21_matrix_oop.a: OBJ/main.o OBJ/testList.o OBJ/testQueue.o OBJ/testStack.o OBJ/testVector.o
#  Implicit rule search has not been done.
#  File does not exist.
#  File has been updated.
#  Needs to be updated (-q is set).
# variable set hash-table stats:
# Load=0/32=0%, Rehash=0, Collisions=0/6=0%
#  recipe to execute (from 'Makefile', line 11):
	ar rcs $@ $^

# Not a target:
OBJ/testList.o:
#  Implicit rule search has not been done.
#  Modification time never checked.
#  File has not been updated.

# files hash-table stats:
# Load=16/1024=2%, Rehash=0, Collisions=0/40=0%
# VPATH Search Paths

# No 'vpath' search paths.

# No general ('VPATH' variable) search path.

# strcache buffers: 1 (0) / strings = 46 / storage = 451 B / avg = 9 B
# current buf: size = 8162 B / used = 451 B / count = 46 / avg = 9 B

# strcache performance: lookups = 67 / hit rate = 31%
# hash-table stats:
# Load=46/8192=1%, Rehash=0, Collisions=0/67=0%
# Finished Make data base on Fri Feb 23 22:02:51 2024

 
